============================== Prover9 ===============================
Prover9 (64) version 2017-11A (CIIRC), November 2017.
Process 6101 was started by octavian on octavian-VirtualBox,
Thu Dec  2 18:33:01 2021
The command was "prover9 -f oras.in".
============================== end of head ===========================

============================== INPUT =================================

% Reading from file oras.in

assign(max_seconds,30).
set(binary_resolution).

formulas(assumptions).
eu.
prieten_consuma_un_pahar.
are_masina.
eu -> ies_in_oras.
ies_in_oras -> fara_masina | cu_masina.
cu_masina -> conduc.
fara_masina -> ma_ia_prieten.
ma_ia_prieten -> petrecere | ies_cu_iubita.
petrecere & prieten_consuma_un_pahar -> conduc.
ies_cu_iubita -> nu_are_permis.
nu_are_permis & are_masina -> conduc.
end_of_list.

formulas(goals).
conduc.
end_of_list.

============================== end of input ==========================

============================== PROCESS NON-CLAUSAL FORMULAS ==========

% Formulas that are not ordinary clauses:
1 eu -> ies_in_oras # label(non_clause).  [assumption].
2 ies_in_oras -> fara_masina | cu_masina # label(non_clause).  [assumption].
3 cu_masina -> conduc # label(non_clause).  [assumption].
4 fara_masina -> ma_ia_prieten # label(non_clause).  [assumption].
5 ma_ia_prieten -> petrecere | ies_cu_iubita # label(non_clause).  [assumption].
6 petrecere & prieten_consuma_un_pahar -> conduc # label(non_clause).  [assumption].
7 ies_cu_iubita -> nu_are_permis # label(non_clause).  [assumption].
8 nu_are_permis & are_masina -> conduc # label(non_clause).  [assumption].
9 conduc # label(non_clause) # label(goal).  [goal].

============================== end of process non-clausal formulas ===

============================== PROCESS INITIAL CLAUSES ===============

% Clauses before input processing:

formulas(usable).
end_of_list.

formulas(sos).
eu.  [assumption].
prieten_consuma_un_pahar.  [assumption].
are_masina.  [assumption].
-eu | ies_in_oras.  [clausify(1)].
-ies_in_oras | fara_masina | cu_masina.  [clausify(2)].
-cu_masina | conduc.  [clausify(3)].
-fara_masina | ma_ia_prieten.  [clausify(4)].
-ma_ia_prieten | petrecere | ies_cu_iubita.  [clausify(5)].
-petrecere | -prieten_consuma_un_pahar | conduc.  [clausify(6)].
-ies_cu_iubita | nu_are_permis.  [clausify(7)].
-nu_are_permis | -are_masina | conduc.  [clausify(8)].
-conduc.  [deny(9)].
end_of_list.

formulas(demodulators).
end_of_list.

============================== PREDICATE ELIMINATION =================

No predicates eliminated.

============================== end predicate elimination =============

Auto_denials:  (non-Horn, no changes).

Term ordering decisions:
Predicate symbol precedence:  predicate_order([ conduc, are_masina, cu_masina, eu, fara_masina, ies_cu_iubita, ies_in_oras, ma_ia_prieten, nu_are_permis, petrecere, prieten_consuma_un_pahar ]).
Function symbol precedence:  function_order([ ]).
After inverse_order:  (no changes).
Unfolding symbols: (none).

Auto_inference settings:
  % set(binary_resolution).  % (non-Horn)
  % set(neg_ur_resolution).  % (non-Horn, less than 100 clauses)

Auto_process settings:
  % set(factor).  % (non-Horn)
  % set(unit_deletion).  % (non-Horn)

kept:      10 eu.  [assumption].
kept:      11 prieten_consuma_un_pahar.  [assumption].
kept:      12 are_masina.  [assumption].
           13 -eu | ies_in_oras.  [clausify(1)].
kept:      14 ies_in_oras.  [copy(13),unit_del(a,10)].
           15 -ies_in_oras | fara_masina | cu_masina.  [clausify(2)].
kept:      16 fara_masina | cu_masina.  [copy(15),unit_del(a,14)].
kept:      17 -cu_masina | conduc.  [clausify(3)].
kept:      18 -fara_masina | ma_ia_prieten.  [clausify(4)].
kept:      19 -ma_ia_prieten | petrecere | ies_cu_iubita.  [clausify(5)].
           20 -petrecere | -prieten_consuma_un_pahar | conduc.  [clausify(6)].
kept:      21 -petrecere | conduc.  [copy(20),unit_del(b,11)].
kept:      22 -ies_cu_iubita | nu_are_permis.  [clausify(7)].
           23 -nu_are_permis | -are_masina | conduc.  [clausify(8)].
kept:      24 -nu_are_permis | conduc.  [copy(23),unit_del(b,12)].
kept:      25 -conduc.  [deny(9)].
kept:      26 -nu_are_permis.  [back_unit_del(24),unit_del(b,25)].
kept:      27 -petrecere.  [back_unit_del(21),unit_del(b,25)].
kept:      28 -cu_masina.  [back_unit_del(17),unit_del(b,25)].
kept:      29 -ies_cu_iubita.  [back_unit_del(22),unit_del(b,26)].
kept:      30 -ma_ia_prieten.  [back_unit_del(19),unit_del(b,27),unit_del(c,29)].
kept:      31 fara_masina.  [back_unit_del(16),unit_del(b,28)].
-------- Proof 1 -------- 

============================== PROOF =================================

% Proof 1 at 0.00 (+ 0.01) seconds.
% Length of proof is 32.
% Level of proof is 6.
% Maximum clause weight is 3.000.
% Given clauses 0 (0.000 givens/level).

1 eu -> ies_in_oras # label(non_clause).  [assumption].
2 ies_in_oras -> fara_masina | cu_masina # label(non_clause).  [assumption].
3 cu_masina -> conduc # label(non_clause).  [assumption].
4 fara_masina -> ma_ia_prieten # label(non_clause).  [assumption].
5 ma_ia_prieten -> petrecere | ies_cu_iubita # label(non_clause).  [assumption].
6 petrecere & prieten_consuma_un_pahar -> conduc # label(non_clause).  [assumption].
7 ies_cu_iubita -> nu_are_permis # label(non_clause).  [assumption].
8 nu_are_permis & are_masina -> conduc # label(non_clause).  [assumption].
9 conduc # label(non_clause) # label(goal).  [goal].
10 eu.  [assumption].
11 prieten_consuma_un_pahar.  [assumption].
12 are_masina.  [assumption].
13 -eu | ies_in_oras.  [clausify(1)].
14 ies_in_oras.  [copy(13),unit_del(a,10)].
15 -ies_in_oras | fara_masina | cu_masina.  [clausify(2)].
16 fara_masina | cu_masina.  [copy(15),unit_del(a,14)].
17 -cu_masina | conduc.  [clausify(3)].
18 -fara_masina | ma_ia_prieten.  [clausify(4)].
19 -ma_ia_prieten | petrecere | ies_cu_iubita.  [clausify(5)].
20 -petrecere | -prieten_consuma_un_pahar | conduc.  [clausify(6)].
21 -petrecere | conduc.  [copy(20),unit_del(b,11)].
22 -ies_cu_iubita | nu_are_permis.  [clausify(7)].
23 -nu_are_permis | -are_masina | conduc.  [clausify(8)].
24 -nu_are_permis | conduc.  [copy(23),unit_del(b,12)].
25 -conduc.  [deny(9)].
26 -nu_are_permis.  [back_unit_del(24),unit_del(b,25)].
27 -petrecere.  [back_unit_del(21),unit_del(b,25)].
28 -cu_masina.  [back_unit_del(17),unit_del(b,25)].
29 -ies_cu_iubita.  [back_unit_del(22),unit_del(b,26)].
30 -ma_ia_prieten.  [back_unit_del(19),unit_del(b,27),unit_del(c,29)].
31 fara_masina.  [back_unit_del(16),unit_del(b,28)].
32 $F.  [back_unit_del(18),unit_del(a,31),unit_del(b,30)].

============================== end of proof ==========================

============================== STATISTICS ============================

Given=0. Generated=19. Kept=18. proofs=1.
Usable=0. Sos=9. Demods=0. Limbo=2, Disabled=19. Hints=0.
Kept_by_rule=0, Deleted_by_rule=0.
Forward_subsumed=0. Back_subsumed=0.
Sos_limit_deleted=0. Sos_displaced=0. Sos_removed=0.
New_demodulators=0 (0 lex), Back_demodulated=0. Back_unit_deleted=7.
Demod_attempts=0. Demod_rewrites=0.
Res_instance_prunes=0. Para_instance_prunes=0. Basic_paramod_prunes=0.
Nonunit_fsub_feature_tests=0. Nonunit_bsub_feature_tests=7.
Megabytes=0.04.
User_CPU=0.00, System_CPU=0.01, Wall_clock=0.

============================== end of statistics =====================

============================== end of search =========================

THEOREM PROVED

THEOREM PROVED

Exiting with 1 proof.

------ process 6101 exit (max_proofs) ------

Process 6101 exit (max_proofs) Thu Dec  2 18:33:01 2021

